<?xml version="1.0" encoding="UTF-8"?>
<!-- Generated by org.testng.reporters.JUnitReportReporter -->
<testsuite hostname="DESKTOP-I2JN7UT" failures="0" tests="1" name="testcases.LoginTest" time="4.366" errors="0" timestamp="2024-07-19T22:04:51 BST" skipped="0">
  <testcase classname="testcases.LoginTest" name="loginTest" time="4.366"/>
</testsuite> <!-- testcases.LoginTest -->
